mode: set
github.com/saigo/exercise-002-tools/src/words/corpus.go:13.56,15.22 2 0
github.com/saigo/exercise-002-tools/src/words/corpus.go:19.2,19.19 1 0
github.com/saigo/exercise-002-tools/src/words/corpus.go:15.22,18.3 2 0
github.com/saigo/exercise-002-tools/src/words/corpus.go:22.29,24.2 1 0
github.com/saigo/exercise-002-tools/src/words/corpus.go:26.39,27.32 1 0
github.com/saigo/exercise-002-tools/src/words/corpus.go:30.2,30.32 1 0
github.com/saigo/exercise-002-tools/src/words/corpus.go:27.32,29.3 1 0
github.com/saigo/exercise-002-tools/src/words/corpus.go:33.34,35.2 1 0
